Build started 2/16/2017 8:43:54 PM.
     1>Project "C:\Users\RGPieters\Documents\GitHub\Goal-Oriented-Action-Planning\GOAP\GOAP.vcxproj" on node 2 (Build target(s)).
     1>ClCompile:
         C:\Program Files (x86)\Microsoft Visual Studio 14.0\VC\bin\x86_amd64\CL.exe /c /ZI /nologo /W3 /WX- /sdl /Od /D _DEBUG /D _CONSOLE /D _UNICODE /D UNICODE /Gm /EHsc /RTC1 /MDd /GS /fp:precise /Zc:wchar_t /Zc:forScope /Zc:inline /Fo"x64\Debug\\" /Fd"x64\Debug\vc140.pdb" /Gd /TP /errorReport:prompt BaseObject.cpp GoapAction.cpp GoapAgent.cpp GoapPlanner.cpp GoapState.cpp main.cpp NPC.cpp
         NPC.cpp
         main.cpp
         GoapState.cpp
         GoapPlanner.cpp
         GoapAgent.cpp
         GoapAction.cpp
     1>c:\users\rgpieters\documents\github\goal-oriented-action-planning\goap\goapaction.cpp(18): warning C4150: deletion of pointer to incomplete type 'BaseObject'; no destructor called
         c:\users\rgpieters\documents\github\goal-oriented-action-planning\goap\goapaction.h(7): note: see declaration of 'BaseObject'
         BaseObject.cpp
         Generating Code...
       Link:
         C:\Program Files (x86)\Microsoft Visual Studio 14.0\VC\bin\x86_amd64\link.exe /ERRORREPORT:PROMPT /OUT:"C:\Users\RGPieters\Documents\GitHub\Goal-Oriented-Action-Planning\x64\Debug\GOAP.exe" /INCREMENTAL /NOLOGO kernel32.lib user32.lib gdi32.lib winspool.lib comdlg32.lib advapi32.lib shell32.lib ole32.lib oleaut32.lib uuid.lib odbc32.lib odbccp32.lib /MANIFEST /MANIFESTUAC:"level='asInvoker' uiAccess='false'" /manifest:embed /Debug /PDB:"C:\Users\RGPieters\Documents\GitHub\Goal-Oriented-Action-Planning\x64\Debug\GOAP.pdb" /SUBSYSTEM:CONSOLE /TLBID:1 /DYNAMICBASE /NXCOMPAT /IMPLIB:"C:\Users\RGPieters\Documents\GitHub\Goal-Oriented-Action-Planning\x64\Debug\GOAP.lib" /MACHINE:X64 x64\Debug\BaseObject.obj
         x64\Debug\GoapAction.obj
         x64\Debug\GoapAgent.obj
         x64\Debug\GoapPlanner.obj
         x64\Debug\GoapState.obj
         x64\Debug\main.obj
         x64\Debug\NPC.obj
         GOAP.vcxproj -> C:\Users\RGPieters\Documents\GitHub\Goal-Oriented-Action-Planning\x64\Debug\GOAP.exe
     1>Done Building Project "C:\Users\RGPieters\Documents\GitHub\Goal-Oriented-Action-Planning\GOAP\GOAP.vcxproj" (Build target(s)).

Build succeeded.

Time Elapsed 00:00:04.57
