Build started 2/16/2017 8:36:57 PM.
     1>Project "C:\Users\RGPieters\Documents\GitHub\GOAP\GOAP\GOAP.vcxproj" on node 2 (Build target(s)).
     1>ClCompile:
         C:\Program Files (x86)\Microsoft Visual Studio 14.0\VC\bin\CL.exe /c /ZI /nologo /W3 /WX- /sdl /Od /Oy- /D WIN32 /D _DEBUG /D _CONSOLE /D _UNICODE /D UNICODE /Gm /EHsc /RTC1 /MDd /GS /fp:precise /Zc:wchar_t /Zc:forScope /Zc:inline /Fo"Debug\\" /Fd"Debug\vc140.pdb" /Gd /TP /analyze- /errorReport:prompt BaseObject.cpp GoapAgent.cpp GoapPlanner.cpp NPC.cpp main.cpp
         main.cpp
         NPC.cpp
         Generating Code...
         Compiling...
         BaseObject.cpp
         Generating Code...
         Skipping... (no relevant changes detected)
         GoapPlanner.cpp
         GoapAgent.cpp
       Link:
         C:\Program Files (x86)\Microsoft Visual Studio 14.0\VC\bin\link.exe /ERRORREPORT:PROMPT /OUT:"C:\Users\RGPieters\Documents\GitHub\GOAP\Debug\GOAP.exe" /INCREMENTAL /NOLOGO kernel32.lib user32.lib gdi32.lib winspool.lib comdlg32.lib advapi32.lib shell32.lib ole32.lib oleaut32.lib uuid.lib odbc32.lib odbccp32.lib /MANIFEST /MANIFESTUAC:"level='asInvoker' uiAccess='false'" /manifest:embed /Debug /PDB:"C:\Users\RGPieters\Documents\GitHub\GOAP\Debug\GOAP.pdb" /SUBSYSTEM:CONSOLE /TLBID:1 /DYNAMICBASE /NXCOMPAT /IMPLIB:"C:\Users\RGPieters\Documents\GitHub\GOAP\Debug\GOAP.lib" /MACHINE:X86 Debug\BaseObject.obj
         Debug\GoapAction.obj
         Debug\GoapAgent.obj
         Debug\GoapPlanner.obj
         Debug\GoapState.obj
         Debug\main.obj
         Debug\NPC.obj
         GOAP.vcxproj -> C:\Users\RGPieters\Documents\GitHub\GOAP\Debug\GOAP.exe
     1>Done Building Project "C:\Users\RGPieters\Documents\GitHub\GOAP\GOAP\GOAP.vcxproj" (Build target(s)).

Build succeeded.

Time Elapsed 00:00:01.70
